2024-10-23 23:39:11,015 INFO [app] Logging setup completed [in /Users/kevinklatman/Development/Code/phase-4/template/server/config.py:109]
2024-10-23 23:39:18,187 INFO [app] Logging setup completed [in config.py:109]
2024-10-23 23:39:52,015 INFO [app] Logging setup completed [in /Users/kevinklatman/Development/Code/phase-4/template/server/config.py:109]
2024-10-23 23:43:21,979 INFO [app] Running in production mode [in /Users/kevinklatman/Development/Code/phase-4/template/server/config.py:124]
2024-10-23 23:43:21,979 INFO [app] Application initialization completed [in /Users/kevinklatman/Development/Code/phase-4/template/server/config.py:126]
2024-10-23 23:44:29,054 INFO [app] Running in production mode [in /Users/kevinklatman/Development/Code/phase-4/template/server/config.py:124]
2024-10-23 23:44:29,054 INFO [app] Application initialization completed [in /Users/kevinklatman/Development/Code/phase-4/template/server/config.py:126]
2024-10-23 23:46:39,018 INFO [app] Running in production mode [in /Users/kevinklatman/Development/Code/phase-4/template/server/config.py:124]
2024-10-23 23:46:39,018 INFO [app] Application initialization completed [in /Users/kevinklatman/Development/Code/phase-4/template/server/config.py:126]
2024-10-23 23:47:32,992 INFO [app] Running in production mode [in /Users/kevinklatman/Development/Code/phase-4/template/server/config.py:124]
2024-10-23 23:47:32,992 INFO [app] Application initialization completed [in /Users/kevinklatman/Development/Code/phase-4/template/server/config.py:126]
2024-10-23 23:47:33,686 INFO [app] Running in production mode [in /Users/kevinklatman/Development/Code/phase-4/template/server/config.py:124]
2024-10-23 23:47:33,687 INFO [app] Application initialization completed [in /Users/kevinklatman/Development/Code/phase-4/template/server/config.py:126]
2024-10-23 23:47:49,871 INFO [app] Running in production mode [in /Users/kevinklatman/Development/Code/phase-4/template/server/config.py:124]
2024-10-23 23:47:49,871 INFO [app] Application initialization completed [in /Users/kevinklatman/Development/Code/phase-4/template/server/config.py:126]
2024-10-23 23:48:00,017 INFO [app] Running in production mode [in /Users/kevinklatman/Development/Code/phase-4/template/server/config.py:124]
2024-10-23 23:48:00,017 INFO [app] Application initialization completed [in /Users/kevinklatman/Development/Code/phase-4/template/server/config.py:126]
2024-10-23 23:48:12,192 INFO [app] Running in production mode [in /Users/kevinklatman/Development/Code/phase-4/template/server/config.py:124]
2024-10-23 23:48:12,192 INFO [app] Application initialization completed [in /Users/kevinklatman/Development/Code/phase-4/template/server/config.py:126]
2024-10-23 23:48:25,308 INFO [app] Running in production mode [in /Users/kevinklatman/Development/Code/phase-4/template/server/config.py:124]
2024-10-23 23:48:25,308 INFO [app] Application initialization completed [in /Users/kevinklatman/Development/Code/phase-4/template/server/config.py:126]
2024-10-23 23:48:35,290 INFO [app] Running in production mode [in /Users/kevinklatman/Development/Code/phase-4/template/server/config.py:124]
2024-10-23 23:48:35,291 INFO [app] Application initialization completed [in /Users/kevinklatman/Development/Code/phase-4/template/server/config.py:126]
2024-10-23 23:48:36,015 INFO [app] Running in production mode [in /Users/kevinklatman/Development/Code/phase-4/template/server/config.py:124]
2024-10-23 23:48:36,015 INFO [app] Application initialization completed [in /Users/kevinklatman/Development/Code/phase-4/template/server/config.py:126]
2024-10-23 23:50:00,958 INFO [app] Running in production mode [in /Users/kevinklatman/Development/Code/phase-4/template/server/config.py:124]
2024-10-23 23:50:00,958 INFO [app] Application initialization completed [in /Users/kevinklatman/Development/Code/phase-4/template/server/config.py:126]
2024-10-23 23:51:21,678 INFO [app] Running in production mode [in /Users/kevinklatman/Development/Code/phase-4/template/server/config.py:124]
2024-10-23 23:51:21,679 INFO [app] Application initialization completed [in /Users/kevinklatman/Development/Code/phase-4/template/server/config.py:126]
2024-10-23 23:51:32,904 INFO [app] Running in production mode [in /Users/kevinklatman/Development/Code/phase-4/template/server/config.py:124]
2024-10-23 23:51:32,904 INFO [app] Application initialization completed [in /Users/kevinklatman/Development/Code/phase-4/template/server/config.py:126]
2024-10-23 23:51:41,225 INFO [app] Password verification successful for user: kevin.klatman@colorado.edu [in /Users/kevinklatman/Development/Code/phase-4/template/server/app.py:462]
2024-10-23 23:51:41,251 WARNING [app] Email or password missing in login attempt [in /Users/kevinklatman/Development/Code/phase-4/template/server/app.py:449]
2024-10-23 23:52:10,373 INFO [app] Running in production mode [in /Users/kevinklatman/Development/Code/phase-4/template/server/config.py:124]
2024-10-23 23:52:10,374 INFO [app] Application initialization completed [in /Users/kevinklatman/Development/Code/phase-4/template/server/config.py:126]
2024-10-23 23:52:15,916 INFO [app] Password verification successful for user: kevin.klatman@colorado.edu [in /Users/kevinklatman/Development/Code/phase-4/template/server/app.py:462]
2024-10-23 23:52:15,953 WARNING [app] Email or password missing in login attempt [in /Users/kevinklatman/Development/Code/phase-4/template/server/app.py:449]
2024-10-23 23:52:21,576 INFO [app] Running in production mode [in /Users/kevinklatman/Development/Code/phase-4/template/server/config.py:124]
2024-10-23 23:52:21,576 INFO [app] Application initialization completed [in /Users/kevinklatman/Development/Code/phase-4/template/server/config.py:126]
2024-10-23 23:52:34,202 INFO [app] Password verification successful for user: kevin.klatman@colorado.edu [in /Users/kevinklatman/Development/Code/phase-4/template/server/app.py:462]
2024-10-23 23:52:34,225 WARNING [app] Email or password missing in login attempt [in /Users/kevinklatman/Development/Code/phase-4/template/server/app.py:449]
2024-10-23 23:53:30,995 INFO [app] Running in production mode [in /Users/kevinklatman/Development/Code/phase-4/template/server/config.py:124]
2024-10-23 23:53:30,995 INFO [app] Application initialization completed [in /Users/kevinklatman/Development/Code/phase-4/template/server/config.py:126]
2024-10-23 23:56:57,883 INFO [app] User successfully logged out [in /Users/kevinklatman/Development/Code/phase-4/template/server/app.py:504]
2024-10-23 23:57:02,576 INFO [app] Login successful for user: kevin.klatman@colorado.edu [in /Users/kevinklatman/Development/Code/phase-4/template/server/app.py:468]
